2013-02-24 16:13:22 [INFO] Starting minecraft server version 1.4.7
2013-02-24 16:13:22 [INFO] Loading properties
2013-02-24 16:13:22 [WARNING] server.properties does not exist
2013-02-24 16:13:22 [INFO] Generating new properties file
2013-02-24 16:13:22 [INFO] Default game type: SURVIVAL
2013-02-24 16:13:22 [INFO] Generating keypair
2013-02-24 16:13:22 [INFO] Starting Minecraft server on *:25565
2013-02-24 16:13:22 [INFO] This server is running CraftBukkit version git-Bukkit-1.4.7-R1.0-b2624jnks (MC: 1.4.7) (Implementing API version 1.4.7-R1.0)
2013-02-24 16:13:22 [INFO] [RTD] Loading RollTheDice v1.0.1
2013-02-24 16:13:22 [WARNING] Failed to load operators list: java.io.FileNotFoundException: .\ops.txt (The system cannot find the file specified)
2013-02-24 16:13:22 [WARNING] Failed to load white-list: java.io.FileNotFoundException: .\white-list.txt (The system cannot find the file specified)
2013-02-24 16:13:23 [INFO] Preparing level "world"
2013-02-24 16:13:23 [INFO] Preparing start region for level 0 (Seed: -1663383824138549206)
2013-02-24 16:13:24 [INFO] Preparing spawn area: 8%
2013-02-24 16:13:25 [INFO] Preparing spawn area: 16%
2013-02-24 16:13:26 [INFO] Preparing spawn area: 28%
2013-02-24 16:13:27 [INFO] Preparing spawn area: 36%
2013-02-24 16:13:28 [INFO] Preparing spawn area: 48%
2013-02-24 16:13:29 [INFO] Preparing spawn area: 57%
2013-02-24 16:13:30 [INFO] Preparing spawn area: 69%
2013-02-24 16:13:31 [INFO] Preparing spawn area: 85%
2013-02-24 16:13:32 [INFO] Preparing start region for level 1 (Seed: -1663383824138549206)
2013-02-24 16:13:32 [INFO] Preparing spawn area: 0%
2013-02-24 16:13:33 [INFO] Preparing spawn area: 16%
2013-02-24 16:13:34 [INFO] Preparing spawn area: 40%
2013-02-24 16:13:35 [INFO] Preparing spawn area: 61%
2013-02-24 16:13:36 [INFO] Preparing spawn area: 81%
2013-02-24 16:13:37 [INFO] Preparing start region for level 2 (Seed: -1663383824138549206)
2013-02-24 16:13:37 [INFO] Preparing spawn area: 3%
2013-02-24 16:13:38 [INFO] Preparing spawn area: 52%
2013-02-24 16:13:39 [INFO] Preparing spawn area: 97%
2013-02-24 16:13:39 [INFO] [RTD] Enabling RollTheDice v1.0.1
2013-02-24 16:13:39 [INFO] Done (16.568s)! For help, type "help" or "?"
2013-02-24 16:13:41 [INFO] CONSOLE: Stopping the server..[m
2013-02-24 16:13:41 [INFO] Stopping server
2013-02-24 16:13:41 [INFO] [RTD] Disabling RollTheDice v1.0.1
2013-02-24 16:13:42 [INFO] Saving players
2013-02-24 16:13:42 [WARNING] DSCT: socket closed
2013-02-24 16:13:42 [INFO] Saving worlds
2013-02-24 16:13:42 [INFO] Closing listening thread
2013-02-24 16:13:42 [INFO] Saving chunks for level 'world'/Overworld
2013-02-24 16:13:44 [INFO] Saving chunks for level 'world_nether'/Nether
2013-02-24 16:13:45 [INFO] Saving chunks for level 'world_the_end'/The End
2013-02-24 16:17:29 [INFO] Starting minecraft server version 1.4.7
2013-02-24 16:17:29 [INFO] Loading properties
2013-02-24 16:17:29 [INFO] Default game type: SURVIVAL
2013-02-24 16:17:29 [INFO] Generating keypair
2013-02-24 16:17:29 [INFO] Starting Minecraft server on *:25565
2013-02-24 16:17:30 [INFO] This server is running CraftBukkit version git-Bukkit-1.4.7-R1.0-b2624jnks (MC: 1.4.7) (Implementing API version 1.4.7-R1.0)
2013-02-24 16:17:30 [INFO] [RTD] Loading RollTheDice v1.0.1
2013-02-24 16:17:30 [INFO] Preparing level "world"
2013-02-24 16:17:30 [INFO] Preparing start region for level 0 (Seed: -1663383824138549206)
2013-02-24 16:17:31 [INFO] Preparing start region for level 1 (Seed: -1663383824138549206)
2013-02-24 16:17:31 [INFO] Preparing spawn area: 0%
2013-02-24 16:17:32 [INFO] Preparing start region for level 2 (Seed: -1663383824138549206)
2013-02-24 16:17:32 [INFO] Preparing spawn area: 52%
2013-02-24 16:17:32 [INFO] [RTD] Enabling RollTheDice v1.0.1
2013-02-24 16:17:32 [INFO] Server permissions file permissions.yml is empty, ignoring it
2013-02-24 16:17:32 [INFO] Done (2.287s)! For help, type "help" or "?"
2013-02-24 16:18:18 [INFO] CONSOLE: Stopping the server..[m
2013-02-24 16:18:18 [INFO] Stopping server
2013-02-24 16:18:18 [INFO] [RTD] Disabling RollTheDice v1.0.1
2013-02-24 16:18:18 [INFO] Saving players
2013-02-24 16:18:18 [WARNING] DSCT: socket closed
2013-02-24 16:18:18 [INFO] Saving worlds
2013-02-24 16:18:18 [INFO] Closing listening thread
2013-02-24 16:18:18 [INFO] Saving chunks for level 'world'/Overworld
2013-02-24 16:18:18 [INFO] Saving chunks for level 'world_nether'/Nether
2013-02-24 16:18:18 [INFO] Saving chunks for level 'world_the_end'/The End
2013-02-24 16:18:18 [INFO] Stopping server
2013-02-24 16:21:11 [INFO] Starting minecraft server version 1.4.7
2013-02-24 16:21:11 [INFO] Loading properties
2013-02-24 16:21:11 [INFO] Default game type: SURVIVAL
2013-02-24 16:21:11 [INFO] Generating keypair
2013-02-24 16:21:11 [INFO] Starting Minecraft server on *:25565
2013-02-24 16:21:11 [INFO] This server is running CraftBukkit version git-Bukkit-1.4.7-R1.0-b2624jnks (MC: 1.4.7) (Implementing API version 1.4.7-R1.0)
2013-02-24 16:21:11 [INFO] [RTD] Loading RollTheDice v1.0.1
2013-02-24 16:21:11 [INFO] Preparing level "world"
2013-02-24 16:21:12 [INFO] Preparing start region for level 0 (Seed: -1663383824138549206)
2013-02-24 16:21:12 [INFO] Preparing start region for level 1 (Seed: -1663383824138549206)
2013-02-24 16:21:13 [INFO] Preparing spawn area: 52%
2013-02-24 16:21:13 [INFO] [RTD] Enabling RollTheDice v1.0.1
2013-02-24 16:21:13 [INFO] Server permissions file permissions.yml is empty, ignoring it
2013-02-24 16:21:13 [INFO] Done (1.331s)! For help, type "help" or "?"
2013-02-24 16:21:15 [INFO] CONSOLE: Stopping the server..[m
2013-02-24 16:21:15 [INFO] Stopping server
2013-02-24 16:21:15 [INFO] [RTD] Disabling RollTheDice v1.0.1
2013-02-24 16:21:15 [INFO] Saving players
2013-02-24 16:21:15 [WARNING] DSCT: socket closed
2013-02-24 16:21:15 [INFO] Saving worlds
2013-02-24 16:21:15 [INFO] Closing listening thread
2013-02-24 16:21:15 [INFO] Saving chunks for level 'world'/Overworld
2013-02-24 16:21:15 [INFO] Saving chunks for level 'world_the_end'/The End
2013-02-24 16:21:16 [INFO] Stopping server
2013-02-24 16:21:56 [INFO] Starting minecraft server version 1.4.7
2013-02-24 16:21:56 [INFO] Loading properties
2013-02-24 16:21:56 [INFO] Default game type: SURVIVAL
2013-02-24 16:21:56 [INFO] Generating keypair
2013-02-24 16:21:56 [INFO] Starting Minecraft server on *:25565
2013-02-24 16:21:56 [INFO] This server is running CraftBukkit version git-Bukkit-1.4.7-R1.0-b2624jnks (MC: 1.4.7) (Implementing API version 1.4.7-R1.0)
2013-02-24 16:21:56 [INFO] [RTD] Loading RollTheDice v1.0.1
2013-02-24 16:21:56 [INFO] Preparing level "world"
2013-02-24 16:21:56 [INFO] Preparing start region for level 0 (Seed: -1663383824138549206)
2013-02-24 16:21:57 [INFO] Preparing start region for level 1 (Seed: -1663383824138549206)
2013-02-24 16:21:57 [INFO] Preparing spawn area: 52%
2013-02-24 16:21:57 [INFO] [RTD] Enabling RollTheDice v1.0.1
2013-02-24 16:21:57 [INFO] Server permissions file permissions.yml is empty, ignoring it
2013-02-24 16:21:57 [INFO] Done (1.326s)! For help, type "help" or "?"
2013-02-24 16:21:58 [INFO] CONSOLE: Stopping the server..[m
2013-02-24 16:21:58 [INFO] Stopping server
2013-02-24 16:21:58 [INFO] [RTD] Disabling RollTheDice v1.0.1
2013-02-24 16:21:58 [WARNING] DSCT: socket closed
2013-02-24 16:21:58 [INFO] Saving players
2013-02-24 16:21:58 [INFO] Closing listening thread
2013-02-24 16:21:58 [INFO] Saving worlds
2013-02-24 16:21:58 [INFO] Saving chunks for level 'world'/Overworld
2013-02-24 16:21:59 [INFO] Saving chunks for level 'world_the_end'/The End
2013-02-24 16:21:59 [INFO] Stopping server
